<?xml version="1.0" encoding="UTF-8"?>
<coverage generated="1637497378905" clover="3.2.0">
  <project timestamp="1637497378905" name="All files">
    <metrics statements="40" coveredstatements="29" conditionals="8" coveredconditionals="3" methods="17" coveredmethods="11" elements="65" coveredelements="43" complexity="0" loc="40" ncloc="40" packages="1" files="4" classes="4"/>
    <file name="employee.js" path="/Users/rafaelaferreira/GitLab/HomeWorks/Team_Profile_Generator/Team-Profile-Generator/lib/employee.js">
      <metrics statements="14" coveredstatements="8" conditionals="4" coveredconditionals="2" methods="7" coveredmethods="3"/>
      <line num="3" count="28" type="stmt"/>
      <line num="4" count="28" type="stmt"/>
      <line num="5" count="28" type="stmt"/>
      <line num="8" count="0" type="stmt"/>
      <line num="11" count="0" type="stmt"/>
      <line num="14" count="0" type="stmt"/>
      <line num="17" count="0" type="stmt"/>
      <line num="20" count="1" type="cond" truecount="1" falsecount="1"/>
      <line num="21" count="1" type="stmt"/>
      <line num="22" count="0" type="stmt"/>
      <line num="25" count="1" type="cond" truecount="1" falsecount="1"/>
      <line num="26" count="1" type="stmt"/>
      <line num="28" count="0" type="stmt"/>
      <line num="32" count="4" type="stmt"/>
    </file>
    <file name="engineer.js" path="/Users/rafaelaferreira/GitLab/HomeWorks/Team_Profile_Generator/Team-Profile-Generator/lib/engineer.js">
      <metrics statements="7" coveredstatements="7" conditionals="0" coveredconditionals="0" methods="3" coveredmethods="3"/>
      <line num="1" count="1" type="stmt"/>
      <line num="5" count="6" type="stmt"/>
      <line num="6" count="6" type="stmt"/>
      <line num="7" count="6" type="stmt"/>
      <line num="10" count="1" type="stmt"/>
      <line num="13" count="1" type="stmt"/>
      <line num="16" count="1" type="stmt"/>
    </file>
    <file name="intern.js" path="/Users/rafaelaferreira/GitLab/HomeWorks/Team_Profile_Generator/Team-Profile-Generator/lib/intern.js">
      <metrics statements="7" coveredstatements="6" conditionals="0" coveredconditionals="0" methods="3" coveredmethods="2"/>
      <line num="1" count="1" type="stmt"/>
      <line num="5" count="6" type="stmt"/>
      <line num="6" count="6" type="stmt"/>
      <line num="7" count="6" type="stmt"/>
      <line num="10" count="1" type="stmt"/>
      <line num="13" count="0" type="stmt"/>
      <line num="16" count="1" type="stmt"/>
    </file>
    <file name="manager.js" path="/Users/rafaelaferreira/GitLab/HomeWorks/Team_Profile_Generator/Team-Profile-Generator/lib/manager.js">
      <metrics statements="12" coveredstatements="8" conditionals="4" coveredconditionals="1" methods="4" coveredmethods="3"/>
      <line num="1" count="1" type="stmt"/>
      <line num="5" count="8" type="stmt"/>
      <line num="6" count="8" type="stmt"/>
      <line num="7" count="8" type="stmt"/>
      <line num="11" count="0" type="cond" truecount="0" falsecount="2"/>
      <line num="12" count="0" type="stmt"/>
      <line num="13" count="0" type="stmt"/>
      <line num="16" count="1" type="cond" truecount="1" falsecount="1"/>
      <line num="17" count="1" type="stmt"/>
      <line num="19" count="0" type="stmt"/>
      <line num="23" count="1" type="stmt"/>
      <line num="26" count="1" type="stmt"/>
    </file>
  </project>
</coverage>
