<?xml version="1.0" encoding="UTF-8"?>
<coverage generated="1637238695637" clover="3.2.0">
  <project timestamp="1637238695637" name="All files">
    <metrics statements="14" coveredstatements="11" conditionals="4" coveredconditionals="2" methods="7" coveredmethods="6" elements="25" coveredelements="19" complexity="0" loc="14" ncloc="14" packages="1" files="1" classes="1"/>
    <file name="employee.js" path="/Users/rafaelaferreira/GitLab/HomeWorks/Team_Profile_Generator/Team-Profile-Generator/lib/employee.js">
      <metrics statements="14" coveredstatements="11" conditionals="4" coveredconditionals="2" methods="7" coveredmethods="6"/>
      <line num="3" count="7" type="stmt"/>
      <line num="4" count="7" type="stmt"/>
      <line num="5" count="7" type="stmt"/>
      <line num="8" count="1" type="stmt"/>
      <line num="11" count="1" type="stmt"/>
      <line num="14" count="1" type="stmt"/>
      <line num="17" count="0" type="stmt"/>
      <line num="20" count="1" type="cond" truecount="1" falsecount="1"/>
      <line num="21" count="0" type="stmt"/>
      <line num="22" count="1" type="stmt"/>
      <line num="25" count="1" type="cond" truecount="1" falsecount="1"/>
      <line num="26" count="1" type="stmt"/>
      <line num="28" count="0" type="stmt"/>
      <line num="32" count="1" type="stmt"/>
    </file>
  </project>
</coverage>
