{"/Users/rafaelaferreira/GitLab/HomeWorks/Team_Profile_Generator/Team-Profile-Generator/lib/employee.js": {"path":"/Users/rafaelaferreira/GitLab/HomeWorks/Team_Profile_Generator/Team-Profile-Generator/lib/employee.js","statementMap":{"0":{"start":{"line":3,"column":4},"end":{"line":3,"column":21}},"1":{"start":{"line":4,"column":4},"end":{"line":4,"column":17}},"2":{"start":{"line":5,"column":4},"end":{"line":5,"column":23}},"3":{"start":{"line":8,"column":4},"end":{"line":8,"column":21}},"4":{"start":{"line":11,"column":4},"end":{"line":11,"column":19}},"5":{"start":{"line":14,"column":4},"end":{"line":14,"column":22}},"6":{"start":{"line":17,"column":4},"end":{"line":17,"column":22}},"7":{"start":{"line":20,"column":4},"end":{"line":22,"column":17}},"8":{"start":{"line":21,"column":6},"end":{"line":21,"column":18}},"9":{"start":{"line":22,"column":11},"end":{"line":22,"column":17}},"10":{"start":{"line":25,"column":4},"end":{"line":29,"column":5}},"11":{"start":{"line":26,"column":6},"end":{"line":26,"column":18}},"12":{"start":{"line":28,"column":6},"end":{"line":28,"column":19}},"13":{"start":{"line":32,"column":0},"end":{"line":32,"column":26}}},"fnMap":{"0":{"name":"(anonymous_0)","decl":{"start":{"line":2,"column":2},"end":{"line":2,"column":3}},"loc":{"start":{"line":2,"column":31},"end":{"line":6,"column":3}},"line":2},"1":{"name":"(anonymous_1)","decl":{"start":{"line":7,"column":2},"end":{"line":7,"column":3}},"loc":{"start":{"line":7,"column":12},"end":{"line":9,"column":3}},"line":7},"2":{"name":"(anonymous_2)","decl":{"start":{"line":10,"column":2},"end":{"line":10,"column":3}},"loc":{"start":{"line":10,"column":10},"end":{"line":12,"column":3}},"line":10},"3":{"name":"(anonymous_3)","decl":{"start":{"line":13,"column":2},"end":{"line":13,"column":3}},"loc":{"start":{"line":13,"column":13},"end":{"line":15,"column":3}},"line":13},"4":{"name":"(anonymous_4)","decl":{"start":{"line":16,"column":2},"end":{"line":16,"column":3}},"loc":{"start":{"line":16,"column":12},"end":{"line":18,"column":3}},"line":16},"5":{"name":"(anonymous_5)","decl":{"start":{"line":19,"column":2},"end":{"line":19,"column":3}},"loc":{"start":{"line":19,"column":23},"end":{"line":23,"column":3}},"line":19},"6":{"name":"(anonymous_6)","decl":{"start":{"line":24,"column":2},"end":{"line":24,"column":3}},"loc":{"start":{"line":24,"column":20},"end":{"line":30,"column":3}},"line":24}},"branchMap":{"0":{"loc":{"start":{"line":20,"column":4},"end":{"line":22,"column":17}},"type":"if","locations":[{"start":{"line":20,"column":4},"end":{"line":22,"column":17}},{"start":{"line":22,"column":11},"end":{"line":22,"column":17}}],"line":20},"1":{"loc":{"start":{"line":25,"column":4},"end":{"line":29,"column":5}},"type":"if","locations":[{"start":{"line":25,"column":4},"end":{"line":29,"column":5}},{"start":{"line":27,"column":11},"end":{"line":29,"column":5}}],"line":25}},"s":{"0":28,"1":28,"2":28,"3":0,"4":0,"5":0,"6":0,"7":1,"8":1,"9":0,"10":1,"11":1,"12":0,"13":4},"f":{"0":28,"1":0,"2":0,"3":0,"4":0,"5":1,"6":1},"b":{"0":[1,0],"1":[1,0]},"_coverageSchema":"1a1c01bbd47fc00a2c39e90264f33305004495a9","hash":"329bae2739452e8608f9e28310c1a4c246a850cd"}
,"/Users/rafaelaferreira/GitLab/HomeWorks/Team_Profile_Generator/Team-Profile-Generator/lib/engineer.js": {"path":"/Users/rafaelaferreira/GitLab/HomeWorks/Team_Profile_Generator/Team-Profile-Generator/lib/engineer.js","statementMap":{"0":{"start":{"line":1,"column":17},"end":{"line":1,"column":38}},"1":{"start":{"line":5,"column":8},"end":{"line":5,"column":30}},"2":{"start":{"line":6,"column":8},"end":{"line":6,"column":30}},"3":{"start":{"line":7,"column":8},"end":{"line":7,"column":28}},"4":{"start":{"line":10,"column":4},"end":{"line":10,"column":20}},"5":{"start":{"line":13,"column":4},"end":{"line":13,"column":22}},"6":{"start":{"line":16,"column":0},"end":{"line":16,"column":25}}},"fnMap":{"0":{"name":"(anonymous_0)","decl":{"start":{"line":4,"column":4},"end":{"line":4,"column":5}},"loc":{"start":{"line":4,"column":40},"end":{"line":8,"column":5}},"line":4},"1":{"name":"(anonymous_1)","decl":{"start":{"line":9,"column":0},"end":{"line":9,"column":1}},"loc":{"start":{"line":9,"column":9},"end":{"line":11,"column":1}},"line":9},"2":{"name":"(anonymous_2)","decl":{"start":{"line":12,"column":0},"end":{"line":12,"column":1}},"loc":{"start":{"line":12,"column":11},"end":{"line":14,"column":1}},"line":12}},"branchMap":{},"s":{"0":1,"1":6,"2":6,"3":6,"4":1,"5":1,"6":1},"f":{"0":6,"1":1,"2":1},"b":{},"_coverageSchema":"1a1c01bbd47fc00a2c39e90264f33305004495a9","hash":"e827f392f4b8000012b3f1b53bcfd2eb1b05357a"}
,"/Users/rafaelaferreira/GitLab/HomeWorks/Team_Profile_Generator/Team-Profile-Generator/lib/intern.js": {"path":"/Users/rafaelaferreira/GitLab/HomeWorks/Team_Profile_Generator/Team-Profile-Generator/lib/intern.js","statementMap":{"0":{"start":{"line":1,"column":17},"end":{"line":1,"column":38}},"1":{"start":{"line":5,"column":8},"end":{"line":5,"column":30}},"2":{"start":{"line":6,"column":8},"end":{"line":6,"column":28}},"3":{"start":{"line":7,"column":8},"end":{"line":7,"column":28}},"4":{"start":{"line":10,"column":8},"end":{"line":10,"column":24}},"5":{"start":{"line":13,"column":8},"end":{"line":13,"column":26}},"6":{"start":{"line":16,"column":0},"end":{"line":16,"column":23}}},"fnMap":{"0":{"name":"(anonymous_0)","decl":{"start":{"line":4,"column":4},"end":{"line":4,"column":5}},"loc":{"start":{"line":4,"column":40},"end":{"line":8,"column":5}},"line":4},"1":{"name":"(anonymous_1)","decl":{"start":{"line":9,"column":4},"end":{"line":9,"column":5}},"loc":{"start":{"line":9,"column":13},"end":{"line":11,"column":5}},"line":9},"2":{"name":"(anonymous_2)","decl":{"start":{"line":12,"column":4},"end":{"line":12,"column":5}},"loc":{"start":{"line":12,"column":15},"end":{"line":14,"column":5}},"line":12}},"branchMap":{},"s":{"0":1,"1":6,"2":6,"3":6,"4":1,"5":0,"6":1},"f":{"0":6,"1":1,"2":0},"b":{},"_coverageSchema":"1a1c01bbd47fc00a2c39e90264f33305004495a9","hash":"6c7064449eedd59ae7abafa2354f31f03925bc4f"}
,"/Users/rafaelaferreira/GitLab/HomeWorks/Team_Profile_Generator/Team-Profile-Generator/lib/manager.js": {"path":"/Users/rafaelaferreira/GitLab/HomeWorks/Team_Profile_Generator/Team-Profile-Generator/lib/manager.js","statementMap":{"0":{"start":{"line":1,"column":17},"end":{"line":1,"column":38}},"1":{"start":{"line":5,"column":4},"end":{"line":5,"column":27}},"2":{"start":{"line":6,"column":4},"end":{"line":6,"column":26}},"3":{"start":{"line":7,"column":4},"end":{"line":7,"column":25}},"4":{"start":{"line":11,"column":4},"end":{"line":13,"column":17}},"5":{"start":{"line":12,"column":6},"end":{"line":12,"column":18}},"6":{"start":{"line":13,"column":11},"end":{"line":13,"column":17}},"7":{"start":{"line":16,"column":4},"end":{"line":20,"column":5}},"8":{"start":{"line":17,"column":6},"end":{"line":17,"column":18}},"9":{"start":{"line":19,"column":6},"end":{"line":19,"column":19}},"10":{"start":{"line":23,"column":4},"end":{"line":23,"column":21}},"11":{"start":{"line":26,"column":0},"end":{"line":26,"column":24}}},"fnMap":{"0":{"name":"(anonymous_0)","decl":{"start":{"line":4,"column":2},"end":{"line":4,"column":3}},"loc":{"start":{"line":4,"column":39},"end":{"line":8,"column":3}},"line":4},"1":{"name":"(anonymous_1)","decl":{"start":{"line":10,"column":2},"end":{"line":10,"column":3}},"loc":{"start":{"line":10,"column":23},"end":{"line":14,"column":3}},"line":10},"2":{"name":"(anonymous_2)","decl":{"start":{"line":15,"column":2},"end":{"line":15,"column":3}},"loc":{"start":{"line":15,"column":24},"end":{"line":21,"column":3}},"line":15},"3":{"name":"(anonymous_3)","decl":{"start":{"line":22,"column":2},"end":{"line":22,"column":3}},"loc":{"start":{"line":22,"column":12},"end":{"line":24,"column":3}},"line":22}},"branchMap":{"0":{"loc":{"start":{"line":11,"column":4},"end":{"line":13,"column":17}},"type":"if","locations":[{"start":{"line":11,"column":4},"end":{"line":13,"column":17}},{"start":{"line":13,"column":11},"end":{"line":13,"column":17}}],"line":11},"1":{"loc":{"start":{"line":16,"column":4},"end":{"line":20,"column":5}},"type":"if","locations":[{"start":{"line":16,"column":4},"end":{"line":20,"column":5}},{"start":{"line":18,"column":11},"end":{"line":20,"column":5}}],"line":16}},"s":{"0":1,"1":8,"2":8,"3":8,"4":0,"5":0,"6":0,"7":1,"8":1,"9":0,"10":1,"11":1},"f":{"0":8,"1":0,"2":1,"3":1},"b":{"0":[0,0],"1":[1,0]},"_coverageSchema":"1a1c01bbd47fc00a2c39e90264f33305004495a9","hash":"b2a72ec3753b19828b7a01fc009df78b79810f9e"}
}
