TN:
SF:lib/employee.js
FN:2,(anonymous_0)
FN:7,(anonymous_1)
FN:10,(anonymous_2)
FN:13,(anonymous_3)
FN:16,(anonymous_4)
FN:19,(anonymous_5)
FN:24,(anonymous_6)
FNF:7
FNH:3
FNDA:28,(anonymous_0)
FNDA:0,(anonymous_1)
FNDA:0,(anonymous_2)
FNDA:0,(anonymous_3)
FNDA:0,(anonymous_4)
FNDA:1,(anonymous_5)
FNDA:1,(anonymous_6)
DA:3,28
DA:4,28
DA:5,28
DA:8,0
DA:11,0
DA:14,0
DA:17,0
DA:20,1
DA:21,1
DA:22,0
DA:25,1
DA:26,1
DA:28,0
DA:32,4
LF:14
LH:8
BRDA:20,0,0,1
BRDA:20,0,1,0
BRDA:25,1,0,1
BRDA:25,1,1,0
BRF:4
BRH:2
end_of_record
TN:
SF:lib/engineer.js
FN:4,(anonymous_0)
FN:9,(anonymous_1)
FN:12,(anonymous_2)
FNF:3
FNH:3
FNDA:6,(anonymous_0)
FNDA:1,(anonymous_1)
FNDA:1,(anonymous_2)
DA:1,1
DA:5,6
DA:6,6
DA:7,6
DA:10,1
DA:13,1
DA:16,1
LF:7
LH:7
BRF:0
BRH:0
end_of_record
TN:
SF:lib/intern.js
FN:4,(anonymous_0)
FN:9,(anonymous_1)
FN:12,(anonymous_2)
FNF:3
FNH:2
FNDA:6,(anonymous_0)
FNDA:1,(anonymous_1)
FNDA:0,(anonymous_2)
DA:1,1
DA:5,6
DA:6,6
DA:7,6
DA:10,1
DA:13,0
DA:16,1
LF:7
LH:6
BRF:0
BRH:0
end_of_record
TN:
SF:lib/manager.js
FN:4,(anonymous_0)
FN:10,(anonymous_1)
FN:15,(anonymous_2)
FN:22,(anonymous_3)
FNF:4
FNH:3
FNDA:8,(anonymous_0)
FNDA:0,(anonymous_1)
FNDA:1,(anonymous_2)
FNDA:1,(anonymous_3)
DA:1,1
DA:5,8
DA:6,8
DA:7,8
DA:11,0
DA:12,0
DA:13,0
DA:16,1
DA:17,1
DA:19,0
DA:23,1
DA:26,1
LF:12
LH:8
BRDA:11,0,0,0
BRDA:11,0,1,0
BRDA:16,1,0,1
BRDA:16,1,1,0
BRF:4
BRH:1
end_of_record
