TN:
SF:lib/employee.js
FN:2,(anonymous_0)
FN:7,(anonymous_1)
FN:10,(anonymous_2)
FN:13,(anonymous_3)
FN:16,(anonymous_4)
FN:19,(anonymous_5)
FN:24,(anonymous_6)
FNF:7
FNH:5
FNDA:7,(anonymous_0)
FNDA:0,(anonymous_1)
FNDA:1,(anonymous_2)
FNDA:1,(anonymous_3)
FNDA:0,(anonymous_4)
FNDA:1,(anonymous_5)
FNDA:1,(anonymous_6)
DA:3,7
DA:4,7
DA:5,7
DA:8,0
DA:11,1
DA:14,1
DA:17,0
DA:20,1
DA:21,0
DA:22,1
DA:25,1
DA:26,1
DA:28,0
DA:32,1
LF:14
LH:10
BRDA:20,0,0,0
BRDA:20,0,1,1
BRDA:25,1,0,1
BRDA:25,1,1,0
BRF:4
BRH:2
end_of_record
